<?xml version="1.0" encoding="UTF-8"?>
<testng-results ignored="0" total="21" passed="20" failed="1" skipped="0">
  <reporter-output>
  </reporter-output>
  <suite started-at="2023-05-10T18:40:43 IST" name="AllModels" finished-at="2023-05-10T18:40:43 IST" duration-ms="134">
    <groups>
    </groups>
    <test started-at="2023-05-10T18:40:43 IST" name="All" finished-at="2023-05-10T18:40:43 IST" duration-ms="134">
      <class name="test.TestHotel">
        <test-method signature="testGetNoOfPersonMethod()[pri:0, instance:test.TestHotel@4e7912d8]" started-at="2023-05-10T18:40:43 IST" name="testGetNoOfPersonMethod" finished-at="2023-05-10T18:40:43 IST" duration-ms="0" status="PASS">
          <reporter-output>
          </reporter-output>
        </test-method> <!-- testGetNoOfPersonMethod -->
        <test-method signature="testGetRateMethod()[pri:0, instance:test.TestHotel@4e7912d8]" started-at="2023-05-10T18:40:43 IST" name="testGetRateMethod" finished-at="2023-05-10T18:40:43 IST" duration-ms="1" status="PASS">
          <reporter-output>
          </reporter-output>
        </test-method> <!-- testGetRateMethod -->
        <test-method signature="testGetRoomType()[pri:0, instance:test.TestHotel@4e7912d8]" started-at="2023-05-10T18:40:43 IST" name="testGetRoomType" finished-at="2023-05-10T18:40:43 IST" duration-ms="0" status="PASS">
          <reporter-output>
          </reporter-output>
        </test-method> <!-- testGetRoomType -->
        <test-method signature="testSetDate()[pri:0, instance:test.TestHotel@4e7912d8]" started-at="2023-05-10T18:40:43 IST" name="testSetDate" finished-at="2023-05-10T18:40:43 IST" duration-ms="1" status="PASS">
          <reporter-output>
          </reporter-output>
        </test-method> <!-- testSetDate -->
      </class> <!-- test.TestHotel -->
      <class name="test.TestFlight">
        <test-method signature="testGetClassType()[pri:0, instance:test.TestFlight@5fd4f8f5]" started-at="2023-05-10T18:40:43 IST" name="testGetClassType" finished-at="2023-05-10T18:40:43 IST" duration-ms="2" status="PASS">
          <reporter-output>
          </reporter-output>
        </test-method> <!-- testGetClassType -->
        <test-method signature="testGetNoOfPersonMethod()[pri:0, instance:test.TestFlight@5fd4f8f5]" started-at="2023-05-10T18:40:43 IST" name="testGetNoOfPersonMethod" finished-at="2023-05-10T18:40:43 IST" duration-ms="2" status="PASS">
          <reporter-output>
          </reporter-output>
        </test-method> <!-- testGetNoOfPersonMethod -->
        <test-method signature="testGetRateMethod()[pri:0, instance:test.TestFlight@5fd4f8f5]" started-at="2023-05-10T18:40:43 IST" name="testGetRateMethod" finished-at="2023-05-10T18:40:43 IST" duration-ms="2" status="PASS">
          <reporter-output>
          </reporter-output>
        </test-method> <!-- testGetRateMethod -->
        <test-method signature="testSetDate()[pri:0, instance:test.TestFlight@5fd4f8f5]" started-at="2023-05-10T18:40:43 IST" name="testSetDate" finished-at="2023-05-10T18:40:43 IST" duration-ms="0" status="PASS">
          <reporter-output>
          </reporter-output>
        </test-method> <!-- testSetDate -->
      </class> <!-- test.TestFlight -->
      <class name="test.TestBooking">
        <test-method signature="testBookingMethod()[pri:0, instance:test.TestBooking@503d687a]" started-at="2023-05-10T18:40:43 IST" name="testBookingMethod" finished-at="2023-05-10T18:40:43 IST" duration-ms="15" status="PASS">
          <reporter-output>
          </reporter-output>
        </test-method> <!-- testBookingMethod -->
      </class> <!-- test.TestBooking -->
      <class name="test.TestTrain">
        <test-method signature="testGetBerth()[pri:0, instance:test.TestTrain@2bfc268b]" started-at="2023-05-10T18:40:43 IST" name="testGetBerth" finished-at="2023-05-10T18:40:43 IST" duration-ms="1" status="PASS">
          <reporter-output>
          </reporter-output>
        </test-method> <!-- testGetBerth -->
        <test-method signature="testGetNoOfPersonMethod()[pri:0, instance:test.TestTrain@2bfc268b]" started-at="2023-05-10T18:40:43 IST" name="testGetNoOfPersonMethod" finished-at="2023-05-10T18:40:43 IST" duration-ms="1" status="PASS">
          <reporter-output>
          </reporter-output>
        </test-method> <!-- testGetNoOfPersonMethod -->
        <test-method signature="testGetRateMethod()[pri:0, instance:test.TestTrain@2bfc268b]" started-at="2023-05-10T18:40:43 IST" name="testGetRateMethod" finished-at="2023-05-10T18:40:43 IST" duration-ms="2" status="PASS">
          <reporter-output>
          </reporter-output>
        </test-method> <!-- testGetRateMethod -->
        <test-method signature="testSetDate()[pri:0, instance:test.TestTrain@2bfc268b]" started-at="2023-05-10T18:40:43 IST" name="testSetDate" finished-at="2023-05-10T18:40:43 IST" duration-ms="1" status="PASS">
          <reporter-output>
          </reporter-output>
        </test-method> <!-- testSetDate -->
      </class> <!-- test.TestTrain -->
      <class name="test.TestBus">
        <test-method signature="testGetBusType()[pri:0, instance:test.TestBus@11bd0f3b]" started-at="2023-05-10T18:40:43 IST" name="testGetBusType" finished-at="2023-05-10T18:40:43 IST" duration-ms="1" status="PASS">
          <reporter-output>
          </reporter-output>
        </test-method> <!-- testGetBusType -->
        <test-method signature="testGetNoOfPersonMethod()[pri:0, instance:test.TestBus@11bd0f3b]" started-at="2023-05-10T18:40:43 IST" name="testGetNoOfPersonMethod" finished-at="2023-05-10T18:40:43 IST" duration-ms="1" status="PASS">
          <reporter-output>
          </reporter-output>
        </test-method> <!-- testGetNoOfPersonMethod -->
        <test-method signature="testGetRateMethod()[pri:0, instance:test.TestBus@11bd0f3b]" started-at="2023-05-10T18:40:43 IST" name="testGetRateMethod" finished-at="2023-05-10T18:40:43 IST" duration-ms="3" status="PASS">
          <reporter-output>
          </reporter-output>
        </test-method> <!-- testGetRateMethod -->
        <test-method signature="testSetDate()[pri:0, instance:test.TestBus@11bd0f3b]" started-at="2023-05-10T18:40:43 IST" name="testSetDate" finished-at="2023-05-10T18:40:43 IST" duration-ms="3" status="PASS">
          <reporter-output>
          </reporter-output>
        </test-method> <!-- testSetDate -->
      </class> <!-- test.TestBus -->
      <class name="test.TestFareCalculator">
        <test-method signature="testBook()[pri:0, instance:test.TestFareCalculator@67080771]" started-at="2023-05-10T18:40:43 IST" name="testBook" finished-at="2023-05-10T18:40:43 IST" duration-ms="4" status="FAIL">
          <exception class="java.lang.AssertionError">
            <message>
              <![CDATA[expected [40000.0] but found [90000.0]]]>
            </message>
            <full-stacktrace>
              <![CDATA[java.lang.AssertionError: expected [40000.0] but found [90000.0]
at org.testng.Assert.fail(Assert.java:99)
at org.testng.Assert.failNotEquals(Assert.java:1037)
at org.testng.Assert.assertEquals(Assert.java:671)
at org.testng.Assert.assertEquals(Assert.java:684)
at test.TestFareCalculator.testBook(TestFareCalculator.java:28)
at java.base/jdk.internal.reflect.NativeMethodAccessorImpl.invoke0(Native Method)
at java.base/jdk.internal.reflect.NativeMethodAccessorImpl.invoke(NativeMethodAccessorImpl.java:77)
at java.base/jdk.internal.reflect.DelegatingMethodAccessorImpl.invoke(DelegatingMethodAccessorImpl.java:43)
at java.base/java.lang.reflect.Method.invoke(Method.java:568)
at org.testng.internal.MethodInvocationHelper.invokeMethod(MethodInvocationHelper.java:133)
at org.testng.internal.TestInvoker.invokeMethod(TestInvoker.java:598)
at org.testng.internal.TestInvoker.invokeTestMethod(TestInvoker.java:173)
at org.testng.internal.MethodRunner.runInSequence(MethodRunner.java:46)
at org.testng.internal.TestInvoker$MethodInvocationAgent.invoke(TestInvoker.java:824)
at org.testng.internal.TestInvoker.invokeTestMethods(TestInvoker.java:146)
at org.testng.internal.TestMethodWorker.invokeTestMethods(TestMethodWorker.java:146)
at org.testng.internal.TestMethodWorker.run(TestMethodWorker.java:128)
at java.base/java.util.ArrayList.forEach(ArrayList.java:1511)
at org.testng.TestRunner.privateRun(TestRunner.java:794)
at org.testng.TestRunner.run(TestRunner.java:596)
at org.testng.SuiteRunner.runTest(SuiteRunner.java:377)
at org.testng.SuiteRunner.runSequentially(SuiteRunner.java:371)
at org.testng.SuiteRunner.privateRun(SuiteRunner.java:332)
at org.testng.SuiteRunner.run(SuiteRunner.java:276)
at org.testng.SuiteRunnerWorker.runSuite(SuiteRunnerWorker.java:53)
at org.testng.SuiteRunnerWorker.run(SuiteRunnerWorker.java:96)
at org.testng.TestNG.runSuitesSequentially(TestNG.java:1212)
at org.testng.TestNG.runSuitesLocally(TestNG.java:1134)
at org.testng.TestNG.runSuites(TestNG.java:1063)
at org.testng.TestNG.run(TestNG.java:1031)
at org.testng.remote.AbstractRemoteTestNG.run(AbstractRemoteTestNG.java:115)
at org.testng.remote.RemoteTestNG.initAndRun(RemoteTestNG.java:251)
at org.testng.remote.RemoteTestNG.main(RemoteTestNG.java:77)
]]>
            </full-stacktrace>
          </exception> <!-- java.lang.AssertionError -->
          <reporter-output>
          </reporter-output>
        </test-method> <!-- testBook -->
        <test-method signature="testBusMethod()[pri:0, instance:test.TestFareCalculator@67080771]" started-at="2023-05-10T18:40:43 IST" name="testBusMethod" finished-at="2023-05-10T18:40:43 IST" duration-ms="1" status="PASS">
          <reporter-output>
          </reporter-output>
        </test-method> <!-- testBusMethod -->
        <test-method signature="testFlightMethod()[pri:0, instance:test.TestFareCalculator@67080771]" started-at="2023-05-10T18:40:43 IST" name="testFlightMethod" finished-at="2023-05-10T18:40:43 IST" duration-ms="2" status="PASS">
          <reporter-output>
          </reporter-output>
        </test-method> <!-- testFlightMethod -->
        <test-method signature="testTrainMethod()[pri:0, instance:test.TestFareCalculator@67080771]" started-at="2023-05-10T18:40:43 IST" name="testTrainMethod" finished-at="2023-05-10T18:40:43 IST" duration-ms="1" status="PASS">
          <reporter-output>
          </reporter-output>
        </test-method> <!-- testTrainMethod -->
      </class> <!-- test.TestFareCalculator -->
    </test> <!-- All -->
  </suite> <!-- AllModels -->
</testng-results>
